[0.158s] DEBUG:colcon:Command line arguments: ['/usr/bin/colcon', 'build', '--packages-select', 'agv_comm']
[0.158s] DEBUG:colcon:Parsed command line arguments: Namespace(allow_overriding=[], ament_cmake_args=None, base_paths=['.'], build_base='build', catkin_cmake_args=None, catkin_skip_building_tests=False, cmake_args=None, cmake_clean_cache=False, cmake_clean_first=False, cmake_force_configure=False, cmake_target=None, cmake_target_skip_unavailable=False, continue_on_error=False, event_handlers=None, executor='parallel', ignore_user_meta=False, install_base='install', log_base=None, log_level=None, main=<bound method BuildVerb.main of <colcon_core.verb.build.BuildVerb object at 0x7f6543ebb8e0>>, merge_install=False, metas=['./colcon.meta'], packages_above=None, packages_above_and_dependencies=None, packages_above_depth=None, packages_end=None, packages_ignore=None, packages_ignore_regex=None, packages_select=['agv_comm'], packages_select_build_failed=False, packages_select_by_dep=None, packages_select_regex=None, packages_select_test_failures=False, packages_skip=None, packages_skip_build_finished=False, packages_skip_by_dep=None, packages_skip_regex=None, packages_skip_test_passed=False, packages_skip_up_to=None, packages_start=None, packages_up_to=None, packages_up_to_regex=None, parallel_workers=16, paths=None, symlink_install=False, test_result_base=None, verb_extension=<colcon_core.verb.build.BuildVerb object at 0x7f6543ebb8e0>, verb_name='build', verb_parser=<colcon_defaults.argument_parser.defaults.DefaultArgumentsDecorator object at 0x7f6543ecb190>)
[0.272s] Level 1:colcon.colcon_core.package_discovery:discover_packages(colcon_meta) check parameters
[0.272s] Level 1:colcon.colcon_core.package_discovery:discover_packages(recursive) check parameters
[0.272s] Level 1:colcon.colcon_core.package_discovery:discover_packages(ignore) check parameters
[0.272s] Level 1:colcon.colcon_core.package_discovery:discover_packages(path) check parameters
[0.272s] Level 1:colcon.colcon_core.package_discovery:discover_packages(colcon_meta) discover
[0.273s] Level 1:colcon.colcon_core.package_discovery:discover_packages(recursive) discover
[0.273s] INFO:colcon.colcon_core.package_discovery:Crawling recursively for packages in '/home/agung/vision_drive_ws'
[0.273s] Level 1:colcon.colcon_core.package_identification:_identify(.) by extensions ['ignore', 'ignore_ament_install']
[0.273s] Level 1:colcon.colcon_core.package_identification:_identify(.) by extension 'ignore'
[0.273s] Level 1:colcon.colcon_core.package_identification:_identify(.) by extension 'ignore_ament_install'
[0.273s] Level 1:colcon.colcon_core.package_identification:_identify(.) by extensions ['colcon_pkg']
[0.273s] Level 1:colcon.colcon_core.package_identification:_identify(.) by extension 'colcon_pkg'
[0.273s] Level 1:colcon.colcon_core.package_identification:_identify(.) by extensions ['colcon_meta']
[0.273s] Level 1:colcon.colcon_core.package_identification:_identify(.) by extension 'colcon_meta'
[0.273s] Level 1:colcon.colcon_core.package_identification:_identify(.) by extensions ['ros']
[0.273s] Level 1:colcon.colcon_core.package_identification:_identify(.) by extension 'ros'
[0.282s] Level 1:colcon.colcon_core.package_identification:_identify(.) by extensions ['cmake', 'python']
[0.282s] Level 1:colcon.colcon_core.package_identification:_identify(.) by extension 'cmake'
[0.282s] Level 1:colcon.colcon_core.package_identification:_identify(.) by extension 'python'
[0.282s] Level 1:colcon.colcon_core.package_identification:_identify(.) by extensions ['python_setup_py']
[0.282s] Level 1:colcon.colcon_core.package_identification:_identify(.) by extension 'python_setup_py'
[0.282s] Level 1:colcon.colcon_core.package_identification:_identify(build) by extensions ['ignore', 'ignore_ament_install']
[0.282s] Level 1:colcon.colcon_core.package_identification:_identify(build) by extension 'ignore'
[0.282s] Level 1:colcon.colcon_core.package_identification:_identify(build) ignored
[0.282s] Level 1:colcon.colcon_core.package_identification:_identify(install) by extensions ['ignore', 'ignore_ament_install']
[0.282s] Level 1:colcon.colcon_core.package_identification:_identify(install) by extension 'ignore'
[0.282s] Level 1:colcon.colcon_core.package_identification:_identify(install) ignored
[0.282s] Level 1:colcon.colcon_core.package_identification:_identify(log) by extensions ['ignore', 'ignore_ament_install']
[0.282s] Level 1:colcon.colcon_core.package_identification:_identify(log) by extension 'ignore'
[0.282s] Level 1:colcon.colcon_core.package_identification:_identify(log) ignored
[0.282s] Level 1:colcon.colcon_core.package_identification:_identify(src) by extensions ['ignore', 'ignore_ament_install']
[0.282s] Level 1:colcon.colcon_core.package_identification:_identify(src) by extension 'ignore'
[0.283s] Level 1:colcon.colcon_core.package_identification:_identify(src) by extension 'ignore_ament_install'
[0.283s] Level 1:colcon.colcon_core.package_identification:_identify(src) by extensions ['colcon_pkg']
[0.283s] Level 1:colcon.colcon_core.package_identification:_identify(src) by extension 'colcon_pkg'
[0.283s] Level 1:colcon.colcon_core.package_identification:_identify(src) by extensions ['colcon_meta']
[0.283s] Level 1:colcon.colcon_core.package_identification:_identify(src) by extension 'colcon_meta'
[0.283s] Level 1:colcon.colcon_core.package_identification:_identify(src) by extensions ['ros']
[0.283s] Level 1:colcon.colcon_core.package_identification:_identify(src) by extension 'ros'
[0.283s] Level 1:colcon.colcon_core.package_identification:_identify(src) by extensions ['cmake', 'python']
[0.283s] Level 1:colcon.colcon_core.package_identification:_identify(src) by extension 'cmake'
[0.283s] Level 1:colcon.colcon_core.package_identification:_identify(src) by extension 'python'
[0.283s] Level 1:colcon.colcon_core.package_identification:_identify(src) by extensions ['python_setup_py']
[0.283s] Level 1:colcon.colcon_core.package_identification:_identify(src) by extension 'python_setup_py'
[0.283s] Level 1:colcon.colcon_core.package_identification:_identify(src/agv_comm) by extensions ['ignore', 'ignore_ament_install']
[0.283s] Level 1:colcon.colcon_core.package_identification:_identify(src/agv_comm) by extension 'ignore'
[0.283s] Level 1:colcon.colcon_core.package_identification:_identify(src/agv_comm) by extension 'ignore_ament_install'
[0.283s] Level 1:colcon.colcon_core.package_identification:_identify(src/agv_comm) by extensions ['colcon_pkg']
[0.283s] Level 1:colcon.colcon_core.package_identification:_identify(src/agv_comm) by extension 'colcon_pkg'
[0.283s] Level 1:colcon.colcon_core.package_identification:_identify(src/agv_comm) by extensions ['colcon_meta']
[0.283s] Level 1:colcon.colcon_core.package_identification:_identify(src/agv_comm) by extension 'colcon_meta'
[0.283s] Level 1:colcon.colcon_core.package_identification:_identify(src/agv_comm) by extensions ['ros']
[0.283s] Level 1:colcon.colcon_core.package_identification:_identify(src/agv_comm) by extension 'ros'
[0.285s] DEBUG:colcon.colcon_core.package_identification:Package 'src/agv_comm' with type 'ros.ament_python' and name 'agv_comm'
[0.285s] Level 1:colcon.colcon_core.package_identification:_identify(src/build) by extensions ['ignore', 'ignore_ament_install']
[0.285s] Level 1:colcon.colcon_core.package_identification:_identify(src/build) by extension 'ignore'
[0.285s] Level 1:colcon.colcon_core.package_identification:_identify(src/build) ignored
[0.285s] Level 1:colcon.colcon_core.package_identification:_identify(src/install) by extensions ['ignore', 'ignore_ament_install']
[0.285s] Level 1:colcon.colcon_core.package_identification:_identify(src/install) by extension 'ignore'
[0.285s] Level 1:colcon.colcon_core.package_identification:_identify(src/install) ignored
[0.285s] Level 1:colcon.colcon_core.package_identification:_identify(src/log) by extensions ['ignore', 'ignore_ament_install']
[0.285s] Level 1:colcon.colcon_core.package_identification:_identify(src/log) by extension 'ignore'
[0.285s] Level 1:colcon.colcon_core.package_identification:_identify(src/log) ignored
[0.285s] Level 1:colcon.colcon_core.package_discovery:discover_packages(recursive) using defaults
[0.285s] Level 1:colcon.colcon_core.package_discovery:discover_packages(ignore) discover
[0.285s] Level 1:colcon.colcon_core.package_discovery:discover_packages(ignore) using defaults
[0.285s] Level 1:colcon.colcon_core.package_discovery:discover_packages(path) discover
[0.285s] Level 1:colcon.colcon_core.package_discovery:discover_packages(path) using defaults
[0.298s] Level 1:colcon.colcon_core.package_discovery:discover_packages(prefix_path) check parameters
[0.298s] Level 1:colcon.colcon_core.package_discovery:discover_packages(prefix_path) discover
[0.299s] DEBUG:colcon.colcon_installed_package_information.package_discovery:Found 1 installed packages in /home/agung/vision_drive_ws/src/install
[0.299s] DEBUG:colcon.colcon_installed_package_information.package_discovery:Found 0 installed packages in /home/agung/vision_drive_ws/install
[0.300s] DEBUG:colcon.colcon_installed_package_information.package_discovery:Found 256 installed packages in /opt/ros/foxy
[0.302s] Level 1:colcon.colcon_core.package_discovery:discover_packages(prefix_path) using defaults
[0.347s] Level 5:colcon.colcon_core.verb:set package 'agv_comm' build argument 'cmake_args' from command line to 'None'
[0.347s] Level 5:colcon.colcon_core.verb:set package 'agv_comm' build argument 'cmake_target' from command line to 'None'
[0.347s] Level 5:colcon.colcon_core.verb:set package 'agv_comm' build argument 'cmake_target_skip_unavailable' from command line to 'False'
[0.347s] Level 5:colcon.colcon_core.verb:set package 'agv_comm' build argument 'cmake_clean_cache' from command line to 'False'
[0.347s] Level 5:colcon.colcon_core.verb:set package 'agv_comm' build argument 'cmake_clean_first' from command line to 'False'
[0.348s] Level 5:colcon.colcon_core.verb:set package 'agv_comm' build argument 'cmake_force_configure' from command line to 'False'
[0.348s] Level 5:colcon.colcon_core.verb:set package 'agv_comm' build argument 'ament_cmake_args' from command line to 'None'
[0.348s] Level 5:colcon.colcon_core.verb:set package 'agv_comm' build argument 'catkin_cmake_args' from command line to 'None'
[0.348s] Level 5:colcon.colcon_core.verb:set package 'agv_comm' build argument 'catkin_skip_building_tests' from command line to 'False'
[0.348s] DEBUG:colcon.colcon_core.verb:Building package 'agv_comm' with the following arguments: {'ament_cmake_args': None, 'build_base': '/home/agung/vision_drive_ws/build/agv_comm', 'catkin_cmake_args': None, 'catkin_skip_building_tests': False, 'cmake_args': None, 'cmake_clean_cache': False, 'cmake_clean_first': False, 'cmake_force_configure': False, 'cmake_target': None, 'cmake_target_skip_unavailable': False, 'install_base': '/home/agung/vision_drive_ws/install/agv_comm', 'merge_install': False, 'path': '/home/agung/vision_drive_ws/src/agv_comm', 'symlink_install': False, 'test_result_base': None}
[0.348s] INFO:colcon.colcon_core.executor:Executing jobs using 'parallel' executor
[0.349s] DEBUG:colcon.colcon_parallel_executor.executor.parallel:run_until_complete
[0.349s] INFO:colcon.colcon_ros.task.ament_python.build:Building ROS package in '/home/agung/vision_drive_ws/src/agv_comm' with build type 'ament_python'
[0.349s] Level 1:colcon.colcon_core.shell:create_environment_hook('agv_comm', 'ament_prefix_path')
[0.350s] INFO:colcon.colcon_core.plugin_system:Skipping extension 'colcon_core.shell.bat': Not used on non-Windows systems
[0.350s] INFO:colcon.colcon_core.shell:Creating environment hook '/home/agung/vision_drive_ws/install/agv_comm/share/agv_comm/hook/ament_prefix_path.ps1'
[0.351s] INFO:colcon.colcon_core.shell:Creating environment descriptor '/home/agung/vision_drive_ws/install/agv_comm/share/agv_comm/hook/ament_prefix_path.dsv'
[0.351s] INFO:colcon.colcon_core.shell:Creating environment hook '/home/agung/vision_drive_ws/install/agv_comm/share/agv_comm/hook/ament_prefix_path.sh'
[0.352s] INFO:colcon.colcon_core.shell:Skip shell extension 'powershell' for command environment: Not usable outside of PowerShell
[0.352s] DEBUG:colcon.colcon_core.shell:Skip shell extension 'dsv' for command environment
[30.550s] INFO:colcon.colcon_core.task.python.build:Building Python package in '/home/agung/vision_drive_ws/src/agv_comm'
[30.551s] INFO:colcon.colcon_core.shell:Skip shell extension 'powershell' for command environment: Not usable outside of PowerShell
[30.551s] DEBUG:colcon.colcon_core.shell:Skip shell extension 'dsv' for command environment
[60.704s] DEBUG:colcon.colcon_core.event_handler.log_command:Invoking command in '/home/agung/vision_drive_ws/src/agv_comm': PYTHONPATH=/home/agung/vision_drive_ws/build/agv_comm/prefix_override:/usr/lib/python3/dist-packages/colcon_core/task/python/colcon_distutils_commands:/home/agung/vision_drive_ws/install/agv_comm/lib/python3.8/site-packages:${PYTHONPATH} /usr/bin/python3 -W ignore:setup.py install is deprecated -W ignore:easy_install command is deprecated setup.py egg_info --egg-base ../../build/agv_comm build --build-base /home/agung/vision_drive_ws/build/agv_comm/build install --record /home/agung/vision_drive_ws/build/agv_comm/install.log --install-scripts $base/lib/agv_comm --single-version-externally-managed install_data
[60.917s] DEBUG:colcon.colcon_core.event_handler.log_command:Invoked command in '/home/agung/vision_drive_ws/src/agv_comm' returned '0': PYTHONPATH=/home/agung/vision_drive_ws/build/agv_comm/prefix_override:/usr/lib/python3/dist-packages/colcon_core/task/python/colcon_distutils_commands:/home/agung/vision_drive_ws/install/agv_comm/lib/python3.8/site-packages:${PYTHONPATH} /usr/bin/python3 -W ignore:setup.py install is deprecated -W ignore:easy_install command is deprecated setup.py egg_info --egg-base ../../build/agv_comm build --build-base /home/agung/vision_drive_ws/build/agv_comm/build install --record /home/agung/vision_drive_ws/build/agv_comm/install.log --install-scripts $base/lib/agv_comm --single-version-externally-managed install_data
[60.919s] Level 1:colcon.colcon_core.environment:checking '/home/agung/vision_drive_ws/install/agv_comm' for CMake module files
[60.920s] Level 1:colcon.colcon_core.environment:checking '/home/agung/vision_drive_ws/install/agv_comm' for CMake config files
[60.920s] Level 1:colcon.colcon_core.environment:checking '/home/agung/vision_drive_ws/install/agv_comm/lib'
[60.920s] Level 1:colcon.colcon_core.environment:checking '/home/agung/vision_drive_ws/install/agv_comm/bin'
[60.920s] Level 1:colcon.colcon_core.environment:checking '/home/agung/vision_drive_ws/install/agv_comm/lib/pkgconfig/agv_comm.pc'
[60.920s] Level 1:colcon.colcon_core.environment:checking '/home/agung/vision_drive_ws/install/agv_comm/lib/python3.8/site-packages'
[60.920s] Level 1:colcon.colcon_core.shell:create_environment_hook('agv_comm', 'pythonpath')
[60.921s] INFO:colcon.colcon_core.shell:Creating environment hook '/home/agung/vision_drive_ws/install/agv_comm/share/agv_comm/hook/pythonpath.ps1'
[60.921s] INFO:colcon.colcon_core.shell:Creating environment descriptor '/home/agung/vision_drive_ws/install/agv_comm/share/agv_comm/hook/pythonpath.dsv'
[60.921s] INFO:colcon.colcon_core.shell:Creating environment hook '/home/agung/vision_drive_ws/install/agv_comm/share/agv_comm/hook/pythonpath.sh'
[60.922s] Level 1:colcon.colcon_core.environment:checking '/home/agung/vision_drive_ws/install/agv_comm/bin'
[60.922s] Level 1:colcon.colcon_core.environment:create_environment_scripts_only(agv_comm)
[60.922s] INFO:colcon.colcon_core.shell:Creating package script '/home/agung/vision_drive_ws/install/agv_comm/share/agv_comm/package.ps1'
[60.923s] INFO:colcon.colcon_core.shell:Creating package descriptor '/home/agung/vision_drive_ws/install/agv_comm/share/agv_comm/package.dsv'
[60.924s] INFO:colcon.colcon_core.shell:Creating package script '/home/agung/vision_drive_ws/install/agv_comm/share/agv_comm/package.sh'
[60.924s] INFO:colcon.colcon_core.shell:Creating package script '/home/agung/vision_drive_ws/install/agv_comm/share/agv_comm/package.bash'
[60.925s] INFO:colcon.colcon_core.shell:Creating package script '/home/agung/vision_drive_ws/install/agv_comm/share/agv_comm/package.zsh'
[60.925s] Level 1:colcon.colcon_core.environment:create_file_with_runtime_dependencies(/home/agung/vision_drive_ws/install/agv_comm/share/colcon-core/packages/agv_comm)
[60.926s] DEBUG:colcon.colcon_parallel_executor.executor.parallel:closing loop
[60.926s] DEBUG:colcon.colcon_parallel_executor.executor.parallel:loop closed
[60.926s] DEBUG:colcon.colcon_parallel_executor.executor.parallel:run_until_complete finished with '0'
[60.926s] DEBUG:colcon.colcon_core.event_reactor:joining thread
[60.930s] INFO:colcon.colcon_core.plugin_system:Skipping extension 'colcon_notification.desktop_notification.terminal_notifier': Not used on non-Darwin systems
[60.930s] INFO:colcon.colcon_core.plugin_system:Skipping extension 'colcon_notification.desktop_notification.win32': Not used on non-Windows systems
[60.930s] INFO:colcon.colcon_notification.desktop_notification:Sending desktop notification using 'notify2'
[60.930s] DEBUG:colcon.colcon_notification.desktop_notification.notify2:Failed to initialize notify2: org.freedesktop.DBus.Error.AccessDenied: Failed to connect to socket /run/user/1000/bus: Operation not permitted
[60.930s] DEBUG:colcon.colcon_core.event_reactor:joined thread
[60.931s] INFO:colcon.colcon_core.shell:Creating prefix script '/home/agung/vision_drive_ws/install/local_setup.ps1'
[60.931s] INFO:colcon.colcon_core.shell:Creating prefix util module '/home/agung/vision_drive_ws/install/_local_setup_util_ps1.py'
[60.932s] INFO:colcon.colcon_core.shell:Creating prefix chain script '/home/agung/vision_drive_ws/install/setup.ps1'
[60.934s] INFO:colcon.colcon_core.shell:Creating prefix script '/home/agung/vision_drive_ws/install/local_setup.sh'
[60.934s] INFO:colcon.colcon_core.shell:Creating prefix util module '/home/agung/vision_drive_ws/install/_local_setup_util_sh.py'
[60.935s] INFO:colcon.colcon_core.shell:Creating prefix chain script '/home/agung/vision_drive_ws/install/setup.sh'
[60.936s] INFO:colcon.colcon_core.shell:Creating prefix script '/home/agung/vision_drive_ws/install/local_setup.bash'
[60.937s] INFO:colcon.colcon_core.shell:Creating prefix chain script '/home/agung/vision_drive_ws/install/setup.bash'
[60.937s] INFO:colcon.colcon_core.shell:Creating prefix script '/home/agung/vision_drive_ws/install/local_setup.zsh'
[60.938s] INFO:colcon.colcon_core.shell:Creating prefix chain script '/home/agung/vision_drive_ws/install/setup.zsh'
