[60.354s] Invoking command in '/home/agung/vision_drive_ws/src/agv_comm': PYTHONPATH=/home/agung/vision_drive_ws/build/agv_comm/prefix_override:/usr/lib/python3/dist-packages/colcon_core/task/python/colcon_distutils_commands:/home/agung/vision_drive_ws/install/agv_comm/lib/python3.8/site-packages:${PYTHONPATH} /usr/bin/python3 -W ignore:setup.py install is deprecated -W ignore:easy_install command is deprecated setup.py egg_info --egg-base ../../build/agv_comm build --build-base /home/agung/vision_drive_ws/build/agv_comm/build install --record /home/agung/vision_drive_ws/build/agv_comm/install.log --install-scripts $base/lib/agv_comm --single-version-externally-managed install_data
[60.506s] running egg_info
[60.506s] creating ../../build/agv_comm/agv_comm.egg-info
[60.506s] writing ../../build/agv_comm/agv_comm.egg-info/PKG-INFO
[60.507s] writing dependency_links to ../../build/agv_comm/agv_comm.egg-info/dependency_links.txt
[60.507s] writing entry points to ../../build/agv_comm/agv_comm.egg-info/entry_points.txt
[60.507s] writing requirements to ../../build/agv_comm/agv_comm.egg-info/requires.txt
[60.507s] writing top-level names to ../../build/agv_comm/agv_comm.egg-info/top_level.txt
[60.508s] writing manifest file '../../build/agv_comm/agv_comm.egg-info/SOURCES.txt'
[60.533s] reading manifest file '../../build/agv_comm/agv_comm.egg-info/SOURCES.txt'
[60.534s] writing manifest file '../../build/agv_comm/agv_comm.egg-info/SOURCES.txt'
[60.534s] running build
[60.534s] running build_py
[60.534s] creating /home/agung/vision_drive_ws/build/agv_comm/build
[60.534s] creating /home/agung/vision_drive_ws/build/agv_comm/build/lib
[60.534s] creating /home/agung/vision_drive_ws/build/agv_comm/build/lib/agv_comm
[60.534s] copying agv_comm/__init__.py -> /home/agung/vision_drive_ws/build/agv_comm/build/lib/agv_comm
[60.535s] copying agv_comm/comm_node.py -> /home/agung/vision_drive_ws/build/agv_comm/build/lib/agv_comm
[60.535s] running install
[60.535s] running install_lib
[60.536s] creating /home/agung/vision_drive_ws/install/agv_comm/lib/python3.8/site-packages/agv_comm
[60.536s] copying /home/agung/vision_drive_ws/build/agv_comm/build/lib/agv_comm/__init__.py -> /home/agung/vision_drive_ws/install/agv_comm/lib/python3.8/site-packages/agv_comm
[60.536s] copying /home/agung/vision_drive_ws/build/agv_comm/build/lib/agv_comm/comm_node.py -> /home/agung/vision_drive_ws/install/agv_comm/lib/python3.8/site-packages/agv_comm
[60.536s] byte-compiling /home/agung/vision_drive_ws/install/agv_comm/lib/python3.8/site-packages/agv_comm/__init__.py to __init__.cpython-38.pyc
[60.536s] byte-compiling /home/agung/vision_drive_ws/install/agv_comm/lib/python3.8/site-packages/agv_comm/comm_node.py to comm_node.cpython-38.pyc
[60.537s] running install_data
[60.537s] creating /home/agung/vision_drive_ws/install/agv_comm/share/ament_index
[60.537s] creating /home/agung/vision_drive_ws/install/agv_comm/share/ament_index/resource_index
[60.537s] creating /home/agung/vision_drive_ws/install/agv_comm/share/ament_index/resource_index/packages
[60.537s] copying resource/agv_comm -> /home/agung/vision_drive_ws/install/agv_comm/share/ament_index/resource_index/packages
[60.538s] copying package.xml -> /home/agung/vision_drive_ws/install/agv_comm/share/agv_comm
[60.538s] running install_egg_info
[60.538s] Copying ../../build/agv_comm/agv_comm.egg-info to /home/agung/vision_drive_ws/install/agv_comm/lib/python3.8/site-packages/agv_comm-0.0.0-py3.8.egg-info
[60.539s] running install_scripts
[60.551s] Installing comm_node script to /home/agung/vision_drive_ws/install/agv_comm/lib/agv_comm
[60.551s] writing list of installed files to '/home/agung/vision_drive_ws/build/agv_comm/install.log'
[60.567s] Invoked command in '/home/agung/vision_drive_ws/src/agv_comm' returned '0': PYTHONPATH=/home/agung/vision_drive_ws/build/agv_comm/prefix_override:/usr/lib/python3/dist-packages/colcon_core/task/python/colcon_distutils_commands:/home/agung/vision_drive_ws/install/agv_comm/lib/python3.8/site-packages:${PYTHONPATH} /usr/bin/python3 -W ignore:setup.py install is deprecated -W ignore:easy_install command is deprecated setup.py egg_info --egg-base ../../build/agv_comm build --build-base /home/agung/vision_drive_ws/build/agv_comm/build install --record /home/agung/vision_drive_ws/build/agv_comm/install.log --install-scripts $base/lib/agv_comm --single-version-externally-managed install_data
